2026-04-25T01:04:27.950+05:30  WARN 18748 --- [userservice] [HikariPool-1:housekeeper] com.zaxxer.hikari.pool.HikariPool        : HikariPool-1 - Thread starvation or clock leap detected (housekeeper delta=1h18m41s719ms).
2026-04-25T02:25:15.531+05:30  WARN 18748 --- [userservice] [HikariPool-1:housekeeper] com.zaxxer.hikari.pool.HikariPool        : HikariPool-1 - Thread starvation or clock leap detected (housekeeper delta=1h20m47s581ms).
2026-04-25T03:18:41.431+05:30  WARN 18748 --- [userservice] [HikariPool-1:housekeeper] com.zaxxer.hikari.pool.HikariPool        : HikariPool-1 - Thread starvation or clock leap detected (housekeeper delta=53m25s900ms).
2026-04-25T04:39:23.615+05:30  WARN 18748 --- [userservice] [HikariPool-1:housekeeper] com.zaxxer.hikari.pool.HikariPool        : HikariPool-1 - Thread starvation or clock leap detected (housekeeper delta=1h20m12s176ms).
2026-04-25T05:19:47.191+05:30  WARN 18748 --- [userservice] [HikariPool-1:housekeeper] com.zaxxer.hikari.pool.HikariPool        : HikariPool-1 - Thread starvation or clock leap detected (housekeeper delta=40m23s576ms).
2026-04-25T05:30:28.982+05:30  WARN 18748 --- [userservice] [HikariPool-1:housekeeper] com.zaxxer.hikari.pool.HikariPool        : HikariPool-1 - Thread starvation or clock leap detected (housekeeper delta=10m11s787ms).
2026-04-25T05:32:38.665+05:30  WARN 18748 --- [userservice] [HikariPool-1:housekeeper] com.zaxxer.hikari.pool.HikariPool        : HikariPool-1 - Thread starvation or clock leap detected (housekeeper delta=1m39s681ms).
2026-04-25T06:59:11.188+05:30  WARN 18748 --- [userservice] [HikariPool-1:housekeeper] com.zaxxer.hikari.pool.HikariPool        : HikariPool-1 - Thread starvation or clock leap detected (housekeeper delta=1h26m32s523ms).
2026-04-25T07:11:48.447+05:30  WARN 18748 --- [userservice] [HikariPool-1:housekeeper] com.zaxxer.hikari.pool.HikariPool        : HikariPool-1 - Thread starvation or clock leap detected (housekeeper delta=12m7s224ms).
2026-04-25T07:13:25.193+05:30  WARN 18748 --- [userservice] [HikariPool-1:housekeeper] com.zaxxer.hikari.pool.HikariPool        : HikariPool-1 - Thread starvation or clock leap detected (housekeeper delta=1m6s742ms).
2026-04-25T07:17:30.503+05:30  WARN 18748 --- [userservice] [HikariPool-1:housekeeper] com.zaxxer.hikari.pool.HikariPool        : HikariPool-1 - Thread starvation or clock leap detected (housekeeper delta=4m5s310ms).
2026-04-25T07:19:03.888+05:30  WARN 18748 --- [userservice] [HikariPool-1:housekeeper] com.zaxxer.hikari.pool.HikariPool        : HikariPool-1 - Thread starvation or clock leap detected (housekeeper delta=1m33s384ms).
2026-04-25T07:20:36.188+05:30  WARN 18748 --- [userservice] [HikariPool-1:housekeeper] com.zaxxer.hikari.pool.HikariPool        : HikariPool-1 - Thread starvation or clock leap detected (housekeeper delta=1m32s302ms).
2026-04-25T07:53:22.552+05:30  WARN 18748 --- [userservice] [HikariPool-1:housekeeper] com.zaxxer.hikari.pool.HikariPool        : HikariPool-1 - Thread starvation or clock leap detected (housekeeper delta=32m46s348ms).
2026-04-25T08:06:30.337+05:30  WARN 18748 --- [userservice] [HikariPool-1:housekeeper] com.zaxxer.hikari.pool.HikariPool        : HikariPool-1 - Thread starvation or clock leap detected (housekeeper delta=11m25s21ms).
2026-04-25T08:21:22.081+05:30  WARN 18748 --- [userservice] [HikariPool-1:housekeeper] com.zaxxer.hikari.pool.HikariPool        : HikariPool-1 - Thread starvation or clock leap detected (housekeeper delta=14m21s730ms).
2026-04-25T08:39:06.566+05:30  WARN 18748 --- [userservice] [HikariPool-1:housekeeper] com.zaxxer.hikari.pool.HikariPool        : HikariPool-1 - Thread starvation or clock leap detected (housekeeper delta=17m14s466ms).
2026-04-25T08:56:24.133+05:30  WARN 18748 --- [userservice] [HikariPool-1:housekeeper] com.zaxxer.hikari.pool.HikariPool        : HikariPool-1 - Thread starvation or clock leap detected (housekeeper delta=17m17s565ms).
2026-04-25T09:00:15.482+05:30  WARN 18748 --- [userservice] [HikariPool-1:housekeeper] com.zaxxer.hikari.pool.HikariPool        : HikariPool-1 - Thread starvation or clock leap detected (housekeeper delta=3m21s340ms).
2026-04-25T09:22:44.865+05:30  WARN 18748 --- [userservice] [HikariPool-1:housekeeper] com.zaxxer.hikari.pool.HikariPool        : HikariPool-1 - Thread starvation or clock leap detected (housekeeper delta=16m29s311ms).
2026-04-25T10:17:31.218+05:30  WARN 18748 --- [userservice] [HikariPool-1:housekeeper] com.zaxxer.hikari.pool.HikariPool        : HikariPool-1 - Thread starvation or clock leap detected (housekeeper delta=2m15s788ms).
2026-04-25T11:02:34.258+05:30  WARN 18748 --- [userservice] [HikariPool-1:housekeeper] com.zaxxer.hikari.pool.HikariPool        : HikariPool-1 - Thread starvation or clock leap detected (housekeeper delta=10m30s704ms).
2026-04-25T11:04:25.230+05:30  WARN 18748 --- [userservice] [HikariPool-1:housekeeper] com.zaxxer.hikari.pool.HikariPool        : HikariPool-1 - Thread starvation or clock leap detected (housekeeper delta=1m50s974ms).
2026-04-25T11:08:41.775+05:30  WARN 18748 --- [userservice] [HikariPool-1:housekeeper] com.zaxxer.hikari.pool.HikariPool        : HikariPool-1 - Thread starvation or clock leap detected (housekeeper delta=3m46s529ms).
2026-04-25T11:12:49.463+05:30  WARN 18748 --- [userservice] [HikariPool-1:housekeeper] com.zaxxer.hikari.pool.HikariPool        : HikariPool-1 - Thread starvation or clock leap detected (housekeeper delta=2m2s371ms).
2026-04-25T11:18:43.229+05:30  WARN 18748 --- [userservice] [HikariPool-1:housekeeper] com.zaxxer.hikari.pool.HikariPool        : HikariPool-1 - Thread starvation or clock leap detected (housekeeper delta=5m53s767ms).
2026-04-25T11:35:48.753+05:30  WARN 18748 --- [userservice] [HikariPool-1:housekeeper] com.zaxxer.hikari.pool.HikariPool        : HikariPool-1 - Thread starvation or clock leap detected (housekeeper delta=16m35s517ms).
2026-04-25T12:04:30.552+05:30  INFO 18748 --- [userservice] [SpringApplicationShutdownHook] o.s.boot.tomcat.GracefulShutdown         : Commencing graceful shutdown. Waiting for active requests to complete
2026-04-25T12:04:30.624+05:30  INFO 18748 --- [userservice] [tomcat-shutdown] o.s.boot.tomcat.GracefulShutdown         : Graceful shutdown complete
2026-04-25T12:04:30.764+05:30  INFO 18748 --- [userservice] [SpringApplicationShutdownHook] j.LocalContainerEntityManagerFactoryBean : Closing JPA EntityManagerFactory for persistence unit 'default'
2026-04-25T12:04:30.879+05:30  INFO 18748 --- [userservice] [SpringApplicationShutdownHook] com.zaxxer.hikari.HikariDataSource       : HikariPool-1 - Shutdown initiated...
2026-04-25T12:04:30.900+05:30  INFO 18748 --- [userservice] [SpringApplicationShutdownHook] com.zaxxer.hikari.HikariDataSource       : HikariPool-1 - Shutdown completed.
2026-04-25T12:04:35.504+05:30  INFO 44537 --- [userservice] [main] c.d.userservice.UserserviceApplication   : Starting UserserviceApplication using Java 25.0.1 with PID 44537 (/Users/aakashtyagi/IdeaProjects/delma2.0_spring_microservice/userservice/target/classes started by aakashtyagi in /Users/aakashtyagi/IdeaProjects/delma2.0_spring_microservice)
2026-04-25T12:04:35.507+05:30  INFO 44537 --- [userservice] [main] c.d.userservice.UserserviceApplication   : No active profile set, falling back to 1 default profile: "default"
2026-04-25T12:04:36.301+05:30  INFO 44537 --- [userservice] [main] .s.d.r.c.RepositoryConfigurationDelegate : Bootstrapping Spring Data JPA repositories in DEFAULT mode.
2026-04-25T12:04:36.337+05:30  INFO 44537 --- [userservice] [main] .s.d.r.c.RepositoryConfigurationDelegate : Finished Spring Data repository scanning in 28 ms. Found 2 JPA repository interfaces.
2026-04-25T12:04:36.580+05:30  INFO 44537 --- [userservice] [main] o.s.cloud.context.scope.GenericScope     : BeanFactory id=5dabfef5-5ae5-34c4-a9fe-491721a80b75
2026-04-25T12:04:37.008+05:30  INFO 44537 --- [userservice] [main] o.s.boot.tomcat.TomcatWebServer          : Tomcat initialized with port 8111 (http)
2026-04-25T12:04:37.016+05:30  INFO 44537 --- [userservice] [main] o.apache.catalina.core.StandardService   : Starting service [Tomcat]
2026-04-25T12:04:37.016+05:30  INFO 44537 --- [userservice] [main] o.apache.catalina.core.StandardEngine    : Starting Servlet engine: [Apache Tomcat/11.0.14]
2026-04-25T12:04:37.062+05:30  INFO 44537 --- [userservice] [main] b.w.c.s.WebApplicationContextInitializer : Root WebApplicationContext: initialization completed in 1504 ms
2026-04-25T12:04:37.272+05:30  INFO 44537 --- [userservice] [main] com.zaxxer.hikari.HikariDataSource       : HikariPool-1 - Starting...
2026-04-25T12:04:37.469+05:30  INFO 44537 --- [userservice] [main] com.zaxxer.hikari.pool.HikariPool        : HikariPool-1 - Added connection org.postgresql.jdbc.PgConnection@23dff243
2026-04-25T12:04:37.469+05:30  INFO 44537 --- [userservice] [main] com.zaxxer.hikari.HikariDataSource       : HikariPool-1 - Start completed.
2026-04-25T12:04:37.546+05:30  INFO 44537 --- [userservice] [main] o.hibernate.jpa.internal.util.LogHelper  : HHH000204: Processing PersistenceUnitInfo [name: default]
2026-04-25T12:04:37.576+05:30  INFO 44537 --- [userservice] [main] org.hibernate.Version                    : HHH000412: Hibernate ORM core version 7.1.8.Final
2026-04-25T12:04:37.825+05:30  INFO 44537 --- [userservice] [main] o.s.o.j.p.SpringPersistenceUnitInfo      : No LoadTimeWeaver setup: ignoring JPA class transformer
2026-04-25T12:04:37.863+05:30  WARN 44537 --- [userservice] [main] org.hibernate.orm.deprecation            : HHH90000025: PostgreSQLDialect does not need to be specified explicitly using 'hibernate.dialect' (remove the property setting and it will be selected by default)
2026-04-25T12:04:37.873+05:30  INFO 44537 --- [userservice] [main] org.hibernate.orm.connections.pooling    : HHH10001005: Database info:
	Database JDBC URL [jdbc:postgresql://localhost:5432/delma_user_db]
	Database driver: PostgreSQL JDBC Driver
	Database dialect: PostgreSQLDialect
	Database version: 16.11
	Default catalog/schema: delma_user_db/public
	Autocommit mode: undefined/unknown
	Isolation level: READ_COMMITTED [default READ_COMMITTED]
	JDBC fetch size: none
	Pool: DatasourceConnectionProviderImpl
	Minimum pool size: undefined/unknown
	Maximum pool size: undefined/unknown
2026-04-25T12:04:38.489+05:30  INFO 44537 --- [userservice] [main] o.h.e.t.j.p.i.JtaPlatformInitiator       : HHH000489: No JTA platform available (set 'hibernate.transaction.jta.platform' to enable JTA platform integration)
2026-04-25T12:04:38.575+05:30  INFO 44537 --- [userservice] [main] j.LocalContainerEntityManagerFactoryBean : Initialized JPA EntityManagerFactory for persistence unit 'default'
2026-04-25T12:04:38.682+05:30  INFO 44537 --- [userservice] [main] o.s.d.j.r.query.QueryEnhancerFactories   : Hibernate is in classpath; If applicable, HQL parser will be used.
2026-04-25T12:04:38.823+05:30  WARN 44537 --- [userservice] [main] JpaBaseConfiguration$JpaWebConfiguration : spring.jpa.open-in-view is enabled by default. Therefore, database queries may be performed during view rendering. Explicitly configure spring.jpa.open-in-view to disable this warning
2026-04-25T12:04:39.218+05:30  INFO 44537 --- [userservice] [main] r$InitializeUserDetailsManagerConfigurer : Global AuthenticationManager configured with UserDetailsService bean with name customUserDetailService
2026-04-25T12:04:39.812+05:30  INFO 44537 --- [userservice] [main] o.s.b.a.e.web.EndpointLinksResolver      : Exposing 25 endpoints beneath base path '/actuator'
2026-04-25T12:04:40.621+05:30  INFO 44537 --- [userservice] [main] o.s.boot.tomcat.TomcatWebServer          : Tomcat started on port 8111 (http) with context path '/'
2026-04-25T12:04:40.632+05:30  INFO 44537 --- [userservice] [main] c.d.userservice.UserserviceApplication   : Started UserserviceApplication in 6.03 seconds (process running for 6.631)
2026-04-25T12:11:21.094+05:30  INFO 44537 --- [userservice] [http-nio-8111-exec-1] o.a.c.c.C.[Tomcat].[localhost].[/]       : Initializing Spring DispatcherServlet 'dispatcherServlet'
2026-04-25T12:11:21.097+05:30  INFO 44537 --- [userservice] [http-nio-8111-exec-1] o.s.web.servlet.DispatcherServlet        : Initializing Servlet 'dispatcherServlet'
2026-04-25T12:11:21.134+05:30  INFO 44537 --- [userservice] [http-nio-8111-exec-1] o.s.web.servlet.DispatcherServlet        : Completed initialization in 36 ms
2026-04-25T12:11:21.186+05:30  WARN 44537 --- [userservice] [http-nio-8111-exec-1] o.s.w.s.h.HandlerMappingIntrospector     : Cache miss for REQUEST dispatch to '/auth/signup' (previous null). Performing CorsConfiguration lookup. This is logged once only at WARN level, and every time at TRACE.
2026-04-25T12:11:21.305+05:30  INFO 44537 --- [userservice] [http-nio-8111-exec-1] c.d.u.aop.ControllerLoggingAspect        : 🌐 POST /auth/signup | Handler=AuthController.signUp(..)
2026-04-25T12:11:21.733+05:30  WARN 44537 --- [userservice] [http-nio-8111-exec-1] org.hibernate.orm.jdbc.error             : HHH000247: ErrorCode: 0, SQLState: 23505
2026-04-25T12:11:21.734+05:30  WARN 44537 --- [userservice] [http-nio-8111-exec-1] org.hibernate.orm.jdbc.error             : ERROR: duplicate key value violates unique constraint "uk6dotkott2kjsp8vw4d0m25fb7"
  Detail: Key (email)=(paient@gmail.com) already exists.
2026-04-25T12:11:21.746+05:30 ERROR 44537 --- [userservice] [http-nio-8111-exec-1] c.d.u.exception.GlobalExceptionHandler   : Unhandled exception occurred: 

org.springframework.dao.DataIntegrityViolationException: could not execute statement [ERROR: duplicate key value violates unique constraint "uk6dotkott2kjsp8vw4d0m25fb7"
  Detail: Key (email)=(paient@gmail.com) already exists.] [insert into users (email,is_admin,is_doctor,name,password) values (?,?,?,?,?)]; SQL [insert into users (email,is_admin,is_doctor,name,password) values (?,?,?,?,?)]; constraint [uk6dotkott2kjsp8vw4d0m25fb7]
	at org.springframework.orm.jpa.hibernate.HibernateExceptionTranslator.convertHibernateAccessException(HibernateExceptionTranslator.java:169) ~[spring-orm-7.0.1.jar:7.0.1]
	at org.springframework.orm.jpa.hibernate.HibernateExceptionTranslator.convertHibernateAccessException(HibernateExceptionTranslator.java:131) ~[spring-orm-7.0.1.jar:7.0.1]
	at org.springframework.orm.jpa.hibernate.HibernateExceptionTranslator.translateExceptionIfPossible(HibernateExceptionTranslator.java:105) ~[spring-orm-7.0.1.jar:7.0.1]
	at org.springframework.orm.jpa.vendor.HibernateJpaDialect.translateExceptionIfPossible(HibernateJpaDialect.java:199) ~[spring-orm-7.0.1.jar:7.0.1]
	at org.springframework.orm.jpa.AbstractEntityManagerFactoryBean.translateExceptionIfPossible(AbstractEntityManagerFactoryBean.java:556) ~[spring-orm-7.0.1.jar:7.0.1]
	at org.springframework.dao.support.ChainedPersistenceExceptionTranslator.translateExceptionIfPossible(ChainedPersistenceExceptionTranslator.java:61) ~[spring-tx-7.0.1.jar:7.0.1]
	at org.springframework.dao.support.DataAccessUtils.translateIfNecessary(DataAccessUtils.java:346) ~[spring-tx-7.0.1.jar:7.0.1]
	at org.springframework.dao.support.PersistenceExceptionTranslationInterceptor.invoke(PersistenceExceptionTranslationInterceptor.java:157) ~[spring-tx-7.0.1.jar:7.0.1]
	at org.springframework.aop.framework.ReflectiveMethodInvocation.proceed(ReflectiveMethodInvocation.java:179) ~[spring-aop-7.0.1.jar:7.0.1]
	at org.springframework.data.jpa.repository.support.CrudMethodMetadataPostProcessor$CrudMethodMetadataPopulatingMethodInterceptor.invoke(CrudMethodMetadataPostProcessor.java:166) ~[spring-data-jpa-4.0.0.jar:4.0.0]
	at org.springframework.aop.framework.ReflectiveMethodInvocation.proceed(ReflectiveMethodInvocation.java:179) ~[spring-aop-7.0.1.jar:7.0.1]
	at org.springframework.aop.framework.JdkDynamicAopProxy.invoke(JdkDynamicAopProxy.java:222) ~[spring-aop-7.0.1.jar:7.0.1]
	at jdk.proxy2/jdk.proxy2.$Proxy168.save(Unknown Source) ~[na:na]
	at com.delma.userservice.security.AuthService.signup(AuthService.java:94) ~[classes/:na]
	at com.delma.userservice.controller.AuthController.signUp(AuthController.java:107) ~[classes/:na]
	at java.base/jdk.internal.reflect.DirectMethodHandleAccessor.invoke(DirectMethodHandleAccessor.java:104) ~[na:na]
	at java.base/java.lang.reflect.Method.invoke(Method.java:565) ~[na:na]
	at org.springframework.aop.support.AopUtils.invokeJoinpointUsingReflection(AopUtils.java:359) ~[spring-aop-7.0.1.jar:7.0.1]
	at org.springframework.aop.framework.ReflectiveMethodInvocation.invokeJoinpoint(ReflectiveMethodInvocation.java:190) ~[spring-aop-7.0.1.jar:7.0.1]
	at org.springframework.aop.framework.ReflectiveMethodInvocation.proceed(ReflectiveMethodInvocation.java:158) ~[spring-aop-7.0.1.jar:7.0.1]
	at org.springframework.aop.framework.adapter.AfterReturningAdviceInterceptor.invoke(AfterReturningAdviceInterceptor.java:56) ~[spring-aop-7.0.1.jar:7.0.1]
	at org.springframework.aop.framework.ReflectiveMethodInvocation.proceed(ReflectiveMethodInvocation.java:179) ~[spring-aop-7.0.1.jar:7.0.1]
	at org.springframework.aop.framework.adapter.MethodBeforeAdviceInterceptor.invoke(MethodBeforeAdviceInterceptor.java:57) ~[spring-aop-7.0.1.jar:7.0.1]
	at org.springframework.aop.framework.ReflectiveMethodInvocation.proceed(ReflectiveMethodInvocation.java:179) ~[spring-aop-7.0.1.jar:7.0.1]
	at org.springframework.aop.interceptor.ExposeInvocationInterceptor.invoke(ExposeInvocationInterceptor.java:96) ~[spring-aop-7.0.1.jar:7.0.1]
	at org.springframework.aop.framework.ReflectiveMethodInvocation.proceed(ReflectiveMethodInvocation.java:179) ~[spring-aop-7.0.1.jar:7.0.1]
	at org.springframework.aop.framework.CglibAopProxy$DynamicAdvisedInterceptor.intercept(CglibAopProxy.java:719) ~[spring-aop-7.0.1.jar:7.0.1]
	at com.delma.userservice.controller.AuthController$$SpringCGLIB$$0.signUp(<generated>) ~[classes/:na]
	at java.base/jdk.internal.reflect.DirectMethodHandleAccessor.invoke(DirectMethodHandleAccessor.java:104) ~[na:na]
	at java.base/java.lang.reflect.Method.invoke(Method.java:565) ~[na:na]
	at org.springframework.web.method.support.InvocableHandlerMethod.doInvoke(InvocableHandlerMethod.java:258) ~[spring-web-7.0.1.jar:7.0.1]
	at org.springframework.web.method.support.InvocableHandlerMethod.invokeForRequest(InvocableHandlerMethod.java:190) ~[spring-web-7.0.1.jar:7.0.1]
	at org.springframework.web.servlet.mvc.method.annotation.ServletInvocableHandlerMethod.invokeAndHandle(ServletInvocableHandlerMethod.java:117) ~[spring-webmvc-7.0.1.jar:7.0.1]
	at org.springframework.web.servlet.mvc.method.annotation.RequestMappingHandlerAdapter.invokeHandlerMethod(RequestMappingHandlerAdapter.java:934) ~[spring-webmvc-7.0.1.jar:7.0.1]
	at org.springframework.web.servlet.mvc.method.annotation.RequestMappingHandlerAdapter.handleInternal(RequestMappingHandlerAdapter.java:853) ~[spring-webmvc-7.0.1.jar:7.0.1]
	at org.springframework.web.servlet.mvc.method.AbstractHandlerMethodAdapter.handle(AbstractHandlerMethodAdapter.java:86) ~[spring-webmvc-7.0.1.jar:7.0.1]
	at org.springframework.web.servlet.DispatcherServlet.doDispatch(DispatcherServlet.java:963) ~[spring-webmvc-7.0.1.jar:7.0.1]
	at org.springframework.web.servlet.DispatcherServlet.doService(DispatcherServlet.java:866) ~[spring-webmvc-7.0.1.jar:7.0.1]
	at org.springframework.web.servlet.FrameworkServlet.processRequest(FrameworkServlet.java:1003) ~[spring-webmvc-7.0.1.jar:7.0.1]
	at org.springframework.web.servlet.FrameworkServlet.doPost(FrameworkServlet.java:903) ~[spring-webmvc-7.0.1.jar:7.0.1]
	at jakarta.servlet.http.HttpServlet.service(HttpServlet.java:649) ~[tomcat-embed-core-11.0.14.jar:6.1]
	at org.springframework.web.servlet.FrameworkServlet.service(FrameworkServlet.java:874) ~[spring-webmvc-7.0.1.jar:7.0.1]
	at jakarta.servlet.http.HttpServlet.service(HttpServlet.java:710) ~[tomcat-embed-core-11.0.14.jar:6.1]
	at org.apache.catalina.core.ApplicationFilterChain.doFilter(ApplicationFilterChain.java:128) ~[tomcat-embed-core-11.0.14.jar:11.0.14]
	at org.apache.tomcat.websocket.server.WsFilter.doFilter(WsFilter.java:53) ~[tomcat-embed-websocket-11.0.14.jar:11.0.14]
	at org.apache.catalina.core.ApplicationFilterChain.doFilter(ApplicationFilterChain.java:107) ~[tomcat-embed-core-11.0.14.jar:11.0.14]
	at org.springframework.web.filter.OncePerRequestFilter.doFilter(OncePerRequestFilter.java:101) ~[spring-web-7.0.1.jar:7.0.1]
	at org.apache.catalina.core.ApplicationFilterChain.doFilter(ApplicationFilterChain.java:107) ~[tomcat-embed-core-11.0.14.jar:11.0.14]
	at org.springframework.web.filter.CompositeFilter$VirtualFilterChain.doFilter(CompositeFilter.java:108) ~[spring-web-7.0.1.jar:7.0.1]
	at org.springframework.security.web.FilterChainProxy.lambda$doFilterInternal$3(FilterChainProxy.java:235) ~[spring-security-web-7.0.0.jar:7.0.0]
	at org.springframework.security.web.ObservationFilterChainDecorator$FilterObservation$SimpleFilterObservation.lambda$wrap$1(ObservationFilterChainDecorator.java:493) ~[spring-security-web-7.0.0.jar:7.0.0]
	at org.springframework.security.web.ObservationFilterChainDecorator$AroundFilterObservation$SimpleAroundFilterObservation.lambda$wrap$1(ObservationFilterChainDecorator.java:354) ~[spring-security-web-7.0.0.jar:7.0.0]
	at org.springframework.security.web.ObservationFilterChainDecorator.lambda$wrapSecured$0(ObservationFilterChainDecorator.java:86) ~[spring-security-web-7.0.0.jar:7.0.0]
	at org.springframework.security.web.ObservationFilterChainDecorator$VirtualFilterChain.doFilter(ObservationFilterChainDecorator.java:132) ~[spring-security-web-7.0.0.jar:7.0.0]
	at org.springframework.security.web.access.intercept.AuthorizationFilter.doFilter(AuthorizationFilter.java:101) ~[spring-security-web-7.0.0.jar:7.0.0]
	at org.springframework.security.web.ObservationFilterChainDecorator$ObservationFilter.wrapFilter(ObservationFilterChainDecorator.java:244) ~[spring-security-web-7.0.0.jar:7.0.0]
	at org.springframework.security.web.ObservationFilterChainDecorator$ObservationFilter.doFilter(ObservationFilterChainDecorator.java:231) ~[spring-security-web-7.0.0.jar:7.0.0]
	at org.springframework.security.web.ObservationFilterChainDecorator$VirtualFilterChain.doFilter(ObservationFilterChainDecorator.java:141) ~[spring-security-web-7.0.0.jar:7.0.0]
	at org.springframework.security.web.access.ExceptionTranslationFilter.doFilter(ExceptionTranslationFilter.java:126) ~[spring-security-web-7.0.0.jar:7.0.0]
	at org.springframework.security.web.access.ExceptionTranslationFilter.doFilter(ExceptionTranslationFilter.java:120) ~[spring-security-web-7.0.0.jar:7.0.0]
	at org.springframework.security.web.ObservationFilterChainDecorator$ObservationFilter.wrapFilter(ObservationFilterChainDecorator.java:244) ~[spring-security-web-7.0.0.jar:7.0.0]
	at org.springframework.security.web.ObservationFilterChainDecorator$ObservationFilter.doFilter(ObservationFilterChainDecorator.java:231) ~[spring-security-web-7.0.0.jar:7.0.0]
	at org.springframework.security.web.ObservationFilterChainDecorator$VirtualFilterChain.doFilter(ObservationFilterChainDecorator.java:141) ~[spring-security-web-7.0.0.jar:7.0.0]
	at org.springframework.security.web.session.SessionManagementFilter.doFilter(SessionManagementFilter.java:132) ~[spring-security-web-7.0.0.jar:7.0.0]
	at org.springframework.security.web.session.SessionManagementFilter.doFilter(SessionManagementFilter.java:86) ~[spring-security-web-7.0.0.jar:7.0.0]
	at org.springframework.security.web.ObservationFilterChainDecorator$ObservationFilter.wrapFilter(ObservationFilterChainDecorator.java:244) ~[spring-security-web-7.0.0.jar:7.0.0]
	at org.springframework.security.web.ObservationFilterChainDecorator$ObservationFilter.doFilter(ObservationFilterChainDecorator.java:231) ~[spring-security-web-7.0.0.jar:7.0.0]
	at org.springframework.security.web.ObservationFilterChainDecorator$VirtualFilterChain.doFilter(ObservationFilterChainDecorator.java:141) ~[spring-security-web-7.0.0.jar:7.0.0]
	at org.springframework.security.web.authentication.AnonymousAuthenticationFilter.doFilter(AnonymousAuthenticationFilter.java:100) ~[spring-security-web-7.0.0.jar:7.0.0]
	at org.springframework.security.web.ObservationFilterChainDecorator$ObservationFilter.wrapFilter(ObservationFilterChainDecorator.java:244) ~[spring-security-web-7.0.0.jar:7.0.0]
	at org.springframework.security.web.ObservationFilterChainDecorator$ObservationFilter.doFilter(ObservationFilterChainDecorator.java:231) ~[spring-security-web-7.0.0.jar:7.0.0]
	at org.springframework.security.web.ObservationFilterChainDecorator$VirtualFilterChain.doFilter(ObservationFilterChainDecorator.java:141) ~[spring-security-web-7.0.0.jar:7.0.0]
	at org.springframework.security.web.servletapi.SecurityContextHolderAwareRequestFilter.doFilter(SecurityContextHolderAwareRequestFilter.java:181) ~[spring-security-web-7.0.0.jar:7.0.0]
	at org.springframework.security.web.ObservationFilterChainDecorator$ObservationFilter.wrapFilter(ObservationFilterChainDecorator.java:244) ~[spring-security-web-7.0.0.jar:7.0.0]
	at org.springframework.security.web.ObservationFilterChainDecorator$ObservationFilter.doFilter(ObservationFilterChainDecorator.java:231) ~[spring-security-web-7.0.0.jar:7.0.0]
	at org.springframework.security.web.ObservationFilterChainDecorator$VirtualFilterChain.doFilter(ObservationFilterChainDecorator.java:141) ~[spring-security-web-7.0.0.jar:7.0.0]
	at org.springframework.security.web.savedrequest.RequestCacheAwareFilter.doFilter(RequestCacheAwareFilter.java:63) ~[spring-security-web-7.0.0.jar:7.0.0]
	at org.springframework.security.web.ObservationFilterChainDecorator$ObservationFilter.wrapFilter(ObservationFilterChainDecorator.java:244) ~[spring-security-web-7.0.0.jar:7.0.0]
	at org.springframework.security.web.ObservationFilterChainDecorator$ObservationFilter.doFilter(ObservationFilterChainDecorator.java:231) ~[spring-security-web-7.0.0.jar:7.0.0]
	at org.springframework.security.web.ObservationFilterChainDecorator$VirtualFilterChain.doFilter(ObservationFilterChainDecorator.java:141) ~[spring-security-web-7.0.0.jar:7.0.0]
	at org.springframework.web.filter.OncePerRequestFilter.doFilter(OncePerRequestFilter.java:101) ~[spring-web-7.0.1.jar:7.0.1]
	at org.springframework.security.web.ObservationFilterChainDecorator$ObservationFilter.wrapFilter(ObservationFilterChainDecorator.java:244) ~[spring-security-web-7.0.0.jar:7.0.0]
	at org.springframework.security.web.ObservationFilterChainDecorator$ObservationFilter.doFilter(ObservationFilterChainDecorator.java:231) ~[spring-security-web-7.0.0.jar:7.0.0]
	at org.springframework.security.web.ObservationFilterChainDecorator$VirtualFilterChain.doFilter(ObservationFilterChainDecorator.java:141) ~[spring-security-web-7.0.0.jar:7.0.0]
	at org.springframework.security.web.authentication.logout.LogoutFilter.doFilter(LogoutFilter.java:110) ~[spring-security-web-7.0.0.jar:7.0.0]
	at org.springframework.security.web.authentication.logout.LogoutFilter.doFilter(LogoutFilter.java:96) ~[spring-security-web-7.0.0.jar:7.0.0]
	at org.springframework.security.web.ObservationFilterChainDecorator$ObservationFilter.wrapFilter(ObservationFilterChainDecorator.java:244) ~[spring-security-web-7.0.0.jar:7.0.0]
	at org.springframework.security.web.ObservationFilterChainDecorator$ObservationFilter.doFilter(ObservationFilterChainDecorator.java:231) ~[spring-security-web-7.0.0.jar:7.0.0]
	at org.springframework.security.web.ObservationFilterChainDecorator$VirtualFilterChain.doFilter(ObservationFilterChainDecorator.java:141) ~[spring-security-web-7.0.0.jar:7.0.0]
	at org.springframework.web.filter.CorsFilter.doFilterInternal(CorsFilter.java:91) ~[spring-web-7.0.1.jar:7.0.1]
	at org.springframework.web.filter.OncePerRequestFilter.doFilter(OncePerRequestFilter.java:116) ~[spring-web-7.0.1.jar:7.0.1]
	at org.springframework.security.web.ObservationFilterChainDecorator$ObservationFilter.wrapFilter(ObservationFilterChainDecorator.java:244) ~[spring-security-web-7.0.0.jar:7.0.0]
	at org.springframework.security.web.ObservationFilterChainDecorator$ObservationFilter.doFilter(ObservationFilterChainDecorator.java:231) ~[spring-security-web-7.0.0.jar:7.0.0]
	at org.springframework.security.web.ObservationFilterChainDecorator$VirtualFilterChain.doFilter(ObservationFilterChainDecorator.java:141) ~[spring-security-web-7.0.0.jar:7.0.0]
	at org.springframework.security.web.header.HeaderWriterFilter.doHeadersAfter(HeaderWriterFilter.java:90) ~[spring-security-web-7.0.0.jar:7.0.0]
	at org.springframework.security.web.header.HeaderWriterFilter.doFilterInternal(HeaderWriterFilter.java:75) ~[spring-security-web-7.0.0.jar:7.0.0]
	at org.springframework.web.filter.OncePerRequestFilter.doFilter(OncePerRequestFilter.java:116) ~[spring-web-7.0.1.jar:7.0.1]
	at org.springframework.security.web.ObservationFilterChainDecorator$ObservationFilter.wrapFilter(ObservationFilterChainDecorator.java:244) ~[spring-security-web-7.0.0.jar:7.0.0]
	at org.springframework.security.web.ObservationFilterChainDecorator$ObservationFilter.doFilter(ObservationFilterChainDecorator.java:231) ~[spring-security-web-7.0.0.jar:7.0.0]
	at org.springframework.security.web.ObservationFilterChainDecorator$VirtualFilterChain.doFilter(ObservationFilterChainDecorator.java:141) ~[spring-security-web-7.0.0.jar:7.0.0]
	at org.springframework.security.web.context.SecurityContextHolderFilter.doFilter(SecurityContextHolderFilter.java:82) ~[spring-security-web-7.0.0.jar:7.0.0]
	at org.springframework.security.web.context.SecurityContextHolderFilter.doFilter(SecurityContextHolderFilter.java:69) ~[spring-security-web-7.0.0.jar:7.0.0]
	at org.springframework.security.web.ObservationFilterChainDecorator$ObservationFilter.wrapFilter(ObservationFilterChainDecorator.java:244) ~[spring-security-web-7.0.0.jar:7.0.0]
	at org.springframework.security.web.ObservationFilterChainDecorator$ObservationFilter.doFilter(ObservationFilterChainDecorator.java:231) ~[spring-security-web-7.0.0.jar:7.0.0]
	at org.springframework.security.web.ObservationFilterChainDecorator$VirtualFilterChain.doFilter(ObservationFilterChainDecorator.java:141) ~[spring-security-web-7.0.0.jar:7.0.0]
	at org.springframework.security.web.context.request.async.WebAsyncManagerIntegrationFilter.doFilterInternal(WebAsyncManagerIntegrationFilter.java:62) ~[spring-security-web-7.0.0.jar:7.0.0]
	at org.springframework.web.filter.OncePerRequestFilter.doFilter(OncePerRequestFilter.java:116) ~[spring-web-7.0.1.jar:7.0.1]
	at org.springframework.security.web.ObservationFilterChainDecorator$ObservationFilter.wrapFilter(ObservationFilterChainDecorator.java:244) ~[spring-security-web-7.0.0.jar:7.0.0]
	at org.springframework.security.web.ObservationFilterChainDecorator$ObservationFilter.doFilter(ObservationFilterChainDecorator.java:231) ~[spring-security-web-7.0.0.jar:7.0.0]
	at org.springframework.security.web.ObservationFilterChainDecorator$VirtualFilterChain.doFilter(ObservationFilterChainDecorator.java:141) ~[spring-security-web-7.0.0.jar:7.0.0]
	at org.springframework.security.web.session.DisableEncodeUrlFilter.doFilterInternal(DisableEncodeUrlFilter.java:42) ~[spring-security-web-7.0.0.jar:7.0.0]
	at org.springframework.web.filter.OncePerRequestFilter.doFilter(OncePerRequestFilter.java:116) ~[spring-web-7.0.1.jar:7.0.1]
	at org.springframework.security.web.ObservationFilterChainDecorator$ObservationFilter.wrapFilter(ObservationFilterChainDecorator.java:244) ~[spring-security-web-7.0.0.jar:7.0.0]
	at org.springframework.security.web.ObservationFilterChainDecorator$AroundFilterObservation$SimpleAroundFilterObservation.lambda$wrap$0(ObservationFilterChainDecorator.java:337) ~[spring-security-web-7.0.0.jar:7.0.0]
	at org.springframework.security.web.ObservationFilterChainDecorator$ObservationFilter.doFilter(ObservationFilterChainDecorator.java:228) ~[spring-security-web-7.0.0.jar:7.0.0]
	at org.springframework.security.web.ObservationFilterChainDecorator$VirtualFilterChain.doFilter(ObservationFilterChainDecorator.java:141) ~[spring-security-web-7.0.0.jar:7.0.0]
	at org.springframework.security.web.FilterChainProxy.doFilterInternal(FilterChainProxy.java:237) ~[spring-security-web-7.0.0.jar:7.0.0]
	at org.springframework.security.web.FilterChainProxy.doFilter(FilterChainProxy.java:195) ~[spring-security-web-7.0.0.jar:7.0.0]
	at org.springframework.web.filter.CompositeFilter$VirtualFilterChain.doFilter(CompositeFilter.java:113) ~[spring-web-7.0.1.jar:7.0.1]
	at org.springframework.web.filter.ServletRequestPathFilter.doFilter(ServletRequestPathFilter.java:52) ~[spring-web-7.0.1.jar:7.0.1]
	at org.springframework.web.filter.CompositeFilter$VirtualFilterChain.doFilter(CompositeFilter.java:113) ~[spring-web-7.0.1.jar:7.0.1]
	at org.springframework.web.filter.CompositeFilter.doFilter(CompositeFilter.java:74) ~[spring-web-7.0.1.jar:7.0.1]
	at org.springframework.security.config.annotation.web.configuration.WebSecurityConfiguration$CompositeFilterChainProxy.doFilter(WebSecurityConfiguration.java:317) ~[spring-security-config-7.0.0.jar:7.0.0]
	at org.springframework.web.filter.DelegatingFilterProxy.invokeDelegate(DelegatingFilterProxy.java:355) ~[spring-web-7.0.1.jar:7.0.1]
	at org.springframework.web.filter.DelegatingFilterProxy.doFilter(DelegatingFilterProxy.java:272) ~[spring-web-7.0.1.jar:7.0.1]
	at org.apache.catalina.core.ApplicationFilterChain.doFilter(ApplicationFilterChain.java:107) ~[tomcat-embed-core-11.0.14.jar:11.0.14]
	at org.springframework.web.filter.RequestContextFilter.doFilterInternal(RequestContextFilter.java:100) ~[spring-web-7.0.1.jar:7.0.1]
	at org.springframework.web.filter.OncePerRequestFilter.doFilter(OncePerRequestFilter.java:116) ~[spring-web-7.0.1.jar:7.0.1]
	at org.apache.catalina.core.ApplicationFilterChain.doFilter(ApplicationFilterChain.java:107) ~[tomcat-embed-core-11.0.14.jar:11.0.14]
	at org.springframework.web.filter.FormContentFilter.doFilterInternal(FormContentFilter.java:93) ~[spring-web-7.0.1.jar:7.0.1]
	at org.springframework.web.filter.OncePerRequestFilter.doFilter(OncePerRequestFilter.java:116) ~[spring-web-7.0.1.jar:7.0.1]
	at org.apache.catalina.core.ApplicationFilterChain.doFilter(ApplicationFilterChain.java:107) ~[tomcat-embed-core-11.0.14.jar:11.0.14]
	at org.springframework.web.filter.ServerHttpObservationFilter.doFilterInternal(ServerHttpObservationFilter.java:110) ~[spring-web-7.0.1.jar:7.0.1]
	at org.springframework.web.filter.OncePerRequestFilter.doFilter(OncePerRequestFilter.java:116) ~[spring-web-7.0.1.jar:7.0.1]
	at org.apache.catalina.core.ApplicationFilterChain.doFilter(ApplicationFilterChain.java:107) ~[tomcat-embed-core-11.0.14.jar:11.0.14]
	at org.springframework.web.filter.CharacterEncodingFilter.doFilterInternal(CharacterEncodingFilter.java:199) ~[spring-web-7.0.1.jar:7.0.1]
	at org.springframework.web.filter.OncePerRequestFilter.doFilter(OncePerRequestFilter.java:116) ~[spring-web-7.0.1.jar:7.0.1]
	at org.apache.catalina.core.ApplicationFilterChain.doFilter(ApplicationFilterChain.java:107) ~[tomcat-embed-core-11.0.14.jar:11.0.14]
	at org.apache.catalina.core.StandardWrapperValve.invoke(StandardWrapperValve.java:165) ~[tomcat-embed-core-11.0.14.jar:11.0.14]
	at org.apache.catalina.core.StandardContextValve.invoke(StandardContextValve.java:77) ~[tomcat-embed-core-11.0.14.jar:11.0.14]
	at org.apache.catalina.authenticator.AuthenticatorBase.invoke(AuthenticatorBase.java:482) ~[tomcat-embed-core-11.0.14.jar:11.0.14]
	at org.apache.catalina.core.StandardHostValve.invoke(StandardHostValve.java:113) ~[tomcat-embed-core-11.0.14.jar:11.0.14]
	at org.apache.catalina.valves.ErrorReportValve.invoke(ErrorReportValve.java:83) ~[tomcat-embed-core-11.0.14.jar:11.0.14]
	at org.apache.catalina.core.StandardEngineValve.invoke(StandardEngineValve.java:72) ~[tomcat-embed-core-11.0.14.jar:11.0.14]
	at org.apache.catalina.connector.CoyoteAdapter.service(CoyoteAdapter.java:341) ~[tomcat-embed-core-11.0.14.jar:11.0.14]
	at org.apache.coyote.http11.Http11Processor.service(Http11Processor.java:397) ~[tomcat-embed-core-11.0.14.jar:11.0.14]
	at org.apache.coyote.AbstractProcessorLight.process(AbstractProcessorLight.java:63) ~[tomcat-embed-core-11.0.14.jar:11.0.14]
	at org.apache.coyote.AbstractProtocol$ConnectionHandler.process(AbstractProtocol.java:903) ~[tomcat-embed-core-11.0.14.jar:11.0.14]
	at org.apache.tomcat.util.net.NioEndpoint$SocketProcessor.doRun(NioEndpoint.java:1778) ~[tomcat-embed-core-11.0.14.jar:11.0.14]
	at org.apache.tomcat.util.net.SocketProcessorBase.run(SocketProcessorBase.java:52) ~[tomcat-embed-core-11.0.14.jar:11.0.14]
	at org.apache.tomcat.util.threads.ThreadPoolExecutor.runWorker(ThreadPoolExecutor.java:946) ~[tomcat-embed-core-11.0.14.jar:11.0.14]
	at org.apache.tomcat.util.threads.ThreadPoolExecutor$Worker.run(ThreadPoolExecutor.java:480) ~[tomcat-embed-core-11.0.14.jar:11.0.14]
	at org.apache.tomcat.util.threads.TaskThread$WrappingRunnable.run(TaskThread.java:57) ~[tomcat-embed-core-11.0.14.jar:11.0.14]
	at java.base/java.lang.Thread.run(Thread.java:1474) ~[na:na]
Caused by: org.hibernate.exception.ConstraintViolationException: could not execute statement [ERROR: duplicate key value violates unique constraint "uk6dotkott2kjsp8vw4d0m25fb7"
  Detail: Key (email)=(paient@gmail.com) already exists.] [insert into users (email,is_admin,is_doctor,name,password) values (?,?,?,?,?)]
	at org.hibernate.exception.internal.SQLStateConversionDelegate.convert(SQLStateConversionDelegate.java:73) ~[hibernate-core-7.1.8.Final.jar:7.1.8.Final]
	at org.hibernate.exception.internal.StandardSQLExceptionConverter.convert(StandardSQLExceptionConverter.java:34) ~[hibernate-core-7.1.8.Final.jar:7.1.8.Final]
	at org.hibernate.engine.jdbc.spi.SqlExceptionHelper.convert(SqlExceptionHelper.java:115) ~[hibernate-core-7.1.8.Final.jar:7.1.8.Final]
	at org.hibernate.engine.jdbc.internal.ResultSetReturnImpl.executeUpdate(ResultSetReturnImpl.java:193) ~[hibernate-core-7.1.8.Final.jar:7.1.8.Final]
	at org.hibernate.id.insert.GetGeneratedKeysDelegate.performMutation(GetGeneratedKeysDelegate.java:103) ~[hibernate-core-7.1.8.Final.jar:7.1.8.Final]
	at org.hibernate.engine.jdbc.mutation.internal.MutationExecutorSingleNonBatched.performNonBatchedOperations(MutationExecutorSingleNonBatched.java:45) ~[hibernate-core-7.1.8.Final.jar:7.1.8.Final]
	at org.hibernate.engine.jdbc.mutation.internal.AbstractMutationExecutor.execute(AbstractMutationExecutor.java:66) ~[hibernate-core-7.1.8.Final.jar:7.1.8.Final]
	at org.hibernate.engine.jdbc.mutation.internal.AbstractMutationExecutor.execute(AbstractMutationExecutor.java:55) ~[hibernate-core-7.1.8.Final.jar:7.1.8.Final]
	at org.hibernate.persister.entity.mutation.InsertCoordinatorStandard.doStaticInserts(InsertCoordinatorStandard.java:191) ~[hibernate-core-7.1.8.Final.jar:7.1.8.Final]
	at org.hibernate.persister.entity.mutation.InsertCoordinatorStandard.coordinateInsert(InsertCoordinatorStandard.java:129) ~[hibernate-core-7.1.8.Final.jar:7.1.8.Final]
	at org.hibernate.persister.entity.mutation.InsertCoordinatorStandard.insert(InsertCoordinatorStandard.java:92) ~[hibernate-core-7.1.8.Final.jar:7.1.8.Final]
	at org.hibernate.action.internal.EntityIdentityInsertAction.execute(EntityIdentityInsertAction.java:90) ~[hibernate-core-7.1.8.Final.jar:7.1.8.Final]
	at org.hibernate.engine.spi.ActionQueue.execute(ActionQueue.java:684) ~[hibernate-core-7.1.8.Final.jar:7.1.8.Final]
	at org.hibernate.engine.spi.ActionQueue.addResolvedEntityInsertAction(ActionQueue.java:291) ~[hibernate-core-7.1.8.Final.jar:7.1.8.Final]
	at org.hibernate.engine.spi.ActionQueue.addInsertAction(ActionQueue.java:272) ~[hibernate-core-7.1.8.Final.jar:7.1.8.Final]
	at org.hibernate.engine.spi.ActionQueue.addAction(ActionQueue.java:322) ~[hibernate-core-7.1.8.Final.jar:7.1.8.Final]
	at org.hibernate.event.internal.AbstractSaveEventListener.addInsertAction(AbstractSaveEventListener.java:376) ~[hibernate-core-7.1.8.Final.jar:7.1.8.Final]
	at org.hibernate.event.internal.AbstractSaveEventListener.performSaveOrReplicate(AbstractSaveEventListener.java:290) ~[hibernate-core-7.1.8.Final.jar:7.1.8.Final]
	at org.hibernate.event.internal.AbstractSaveEventListener.performSave(AbstractSaveEventListener.java:220) ~[hibernate-core-7.1.8.Final.jar:7.1.8.Final]
	at org.hibernate.event.internal.AbstractSaveEventListener.saveWithGeneratedId(AbstractSaveEventListener.java:138) ~[hibernate-core-7.1.8.Final.jar:7.1.8.Final]
	at org.hibernate.event.internal.DefaultPersistEventListener.entityIsTransient(DefaultPersistEventListener.java:148) ~[hibernate-core-7.1.8.Final.jar:7.1.8.Final]
	at org.hibernate.event.internal.DefaultPersistEventListener.persist(DefaultPersistEventListener.java:92) ~[hibernate-core-7.1.8.Final.jar:7.1.8.Final]
	at org.hibernate.event.internal.DefaultPersistEventListener.onPersist(DefaultPersistEventListener.java:76) ~[hibernate-core-7.1.8.Final.jar:7.1.8.Final]
	at org.hibernate.event.internal.DefaultPersistEventListener.onPersist(DefaultPersistEventListener.java:52) ~[hibernate-core-7.1.8.Final.jar:7.1.8.Final]
	at org.hibernate.event.service.internal.EventListenerGroupImpl.fireEventOnEachListener(EventListenerGroupImpl.java:140) ~[hibernate-core-7.1.8.Final.jar:7.1.8.Final]
	at org.hibernate.internal.SessionImpl.firePersist(SessionImpl.java:692) ~[hibernate-core-7.1.8.Final.jar:7.1.8.Final]
	at org.hibernate.internal.SessionImpl.persist(SessionImpl.java:676) ~[hibernate-core-7.1.8.Final.jar:7.1.8.Final]
	at java.base/jdk.internal.reflect.DirectMethodHandleAccessor.invoke(DirectMethodHandleAccessor.java:104) ~[na:na]
	at java.base/java.lang.reflect.Method.invoke(Method.java:565) ~[na:na]
	at org.springframework.orm.jpa.ExtendedEntityManagerCreator$ExtendedEntityManagerInvocationHandler.invoke(ExtendedEntityManagerCreator.java:362) ~[spring-orm-7.0.1.jar:7.0.1]
	at jdk.proxy2/jdk.proxy2.$Proxy165.persist(Unknown Source) ~[na:na]
	at java.base/jdk.internal.reflect.DirectMethodHandleAccessor.invoke(DirectMethodHandleAccessor.java:104) ~[na:na]
	at java.base/java.lang.reflect.Method.invoke(Method.java:565) ~[na:na]
	at org.springframework.orm.jpa.SharedEntityManagerCreator$SharedEntityManagerInvocationHandler.invoke(SharedEntityManagerCreator.java:317) ~[spring-orm-7.0.1.jar:7.0.1]
	at jdk.proxy2/jdk.proxy2.$Proxy165.persist(Unknown Source) ~[na:na]
	at org.springframework.data.jpa.repository.support.SimpleJpaRepository.save(SimpleJpaRepository.java:663) ~[spring-data-jpa-4.0.0.jar:4.0.0]
	at java.base/jdk.internal.reflect.DirectMethodHandleAccessor.invoke(DirectMethodHandleAccessor.java:104) ~[na:na]
	at java.base/java.lang.reflect.Method.invoke(Method.java:565) ~[na:na]
	at org.springframework.aop.support.AopUtils.invokeJoinpointUsingReflection(AopUtils.java:359) ~[spring-aop-7.0.1.jar:7.0.1]
	at org.springframework.data.repository.core.support.RepositoryMethodInvoker$RepositoryFragmentMethodInvoker.lambda$new$0(RepositoryMethodInvoker.java:278) ~[spring-data-commons-4.0.0.jar:4.0.0]
	at org.springframework.data.repository.core.support.RepositoryMethodInvoker.doInvoke(RepositoryMethodInvoker.java:169) ~[spring-data-commons-4.0.0.jar:4.0.0]
	at org.springframework.data.repository.core.support.RepositoryMethodInvoker.invoke(RepositoryMethodInvoker.java:158) ~[spring-data-commons-4.0.0.jar:4.0.0]
	at org.springframework.data.repository.core.support.RepositoryComposition$RepositoryFragments.invoke(RepositoryComposition.java:545) ~[spring-data-commons-4.0.0.jar:4.0.0]
	at org.springframework.data.repository.core.support.RepositoryComposition.invoke(RepositoryComposition.java:290) ~[spring-data-commons-4.0.0.jar:4.0.0]
	at org.springframework.data.repository.core.support.RepositoryFactorySupport$ImplementationMethodExecutionInterceptor.invoke(RepositoryFactorySupport.java:708) ~[spring-data-commons-4.0.0.jar:4.0.0]
	at org.springframework.aop.framework.ReflectiveMethodInvocation.proceed(ReflectiveMethodInvocation.java:179) ~[spring-aop-7.0.1.jar:7.0.1]
	at org.springframework.data.repository.core.support.QueryExecutorMethodInterceptor.doInvoke(QueryExecutorMethodInterceptor.java:171) ~[spring-data-commons-4.0.0.jar:4.0.0]
	at org.springframework.data.repository.core.support.QueryExecutorMethodInterceptor.invoke(QueryExecutorMethodInterceptor.java:146) ~[spring-data-commons-4.0.0.jar:4.0.0]
	at org.springframework.aop.framework.ReflectiveMethodInvocation.proceed(ReflectiveMethodInvocation.java:179) ~[spring-aop-7.0.1.jar:7.0.1]
	at org.springframework.data.projection.DefaultMethodInvokingMethodInterceptor.invoke(DefaultMethodInvokingMethodInterceptor.java:69) ~[spring-data-commons-4.0.0.jar:4.0.0]
	at org.springframework.aop.framework.ReflectiveMethodInvocation.proceed(ReflectiveMethodInvocation.java:179) ~[spring-aop-7.0.1.jar:7.0.1]
	at org.springframework.transaction.interceptor.TransactionAspectSupport.invokeWithinTransaction(TransactionAspectSupport.java:370) ~[spring-tx-7.0.1.jar:7.0.1]
	at org.springframework.transaction.interceptor.TransactionInterceptor.invoke(TransactionInterceptor.java:118) ~[spring-tx-7.0.1.jar:7.0.1]
	at org.springframework.aop.framework.ReflectiveMethodInvocation.proceed(ReflectiveMethodInvocation.java:179) ~[spring-aop-7.0.1.jar:7.0.1]
	at org.springframework.dao.support.PersistenceExceptionTranslationInterceptor.invoke(PersistenceExceptionTranslationInterceptor.java:135) ~[spring-tx-7.0.1.jar:7.0.1]
	... 146 common frames omitted
Caused by: org.postgresql.util.PSQLException: ERROR: duplicate key value violates unique constraint "uk6dotkott2kjsp8vw4d0m25fb7"
  Detail: Key (email)=(paient@gmail.com) already exists.
	at org.postgresql.core.v3.QueryExecutorImpl.receiveErrorResponse(QueryExecutorImpl.java:2736) ~[postgresql-42.7.8.jar:42.7.8]
	at org.postgresql.core.v3.QueryExecutorImpl.processResults(QueryExecutorImpl.java:2421) ~[postgresql-42.7.8.jar:42.7.8]
	at org.postgresql.core.v3.QueryExecutorImpl.execute(QueryExecutorImpl.java:372) ~[postgresql-42.7.8.jar:42.7.8]
	at org.postgresql.jdbc.PgStatement.executeInternal(PgStatement.java:525) ~[postgresql-42.7.8.jar:42.7.8]
	at org.postgresql.jdbc.PgStatement.execute(PgStatement.java:435) ~[postgresql-42.7.8.jar:42.7.8]
	at org.postgresql.jdbc.PgPreparedStatement.executeWithFlags(PgPreparedStatement.java:196) ~[postgresql-42.7.8.jar:42.7.8]
	at org.postgresql.jdbc.PgPreparedStatement.executeUpdate(PgPreparedStatement.java:157) ~[postgresql-42.7.8.jar:42.7.8]
	at com.zaxxer.hikari.pool.ProxyPreparedStatement.executeUpdate(ProxyPreparedStatement.java:61) ~[HikariCP-7.0.2.jar:na]
	at com.zaxxer.hikari.pool.HikariProxyPreparedStatement.executeUpdate(HikariProxyPreparedStatement.java) ~[HikariCP-7.0.2.jar:na]
	at org.hibernate.engine.jdbc.internal.ResultSetReturnImpl.executeUpdate(ResultSetReturnImpl.java:190) ~[hibernate-core-7.1.8.Final.jar:7.1.8.Final]
	... 197 common frames omitted

2026-04-25T12:19:13.508+05:30  INFO 44537 --- [userservice] [http-nio-8111-exec-2] c.d.u.aop.ControllerLoggingAspect        : 🌐 POST /auth/signup | Handler=AuthController.signUp(..)
2026-04-25T12:19:13.678+05:30  INFO 44537 --- [userservice] [http-nio-8111-exec-2] c.d.u.aop.ControllerLoggingAspect        : 📤 Response=<200 OK OK,ApiResponse(success=true, message=Signup successful, data=SignupResponseDTO(id=11, Name=you, email=you@gmail.com), errorCode=null),[]>
2026-04-25T12:46:35.006+05:30  WARN 44537 --- [userservice] [HikariPool-1:housekeeper] com.zaxxer.hikari.pool.HikariPool        : HikariPool-1 - Thread starvation or clock leap detected (housekeeper delta=1m26s744ms).
2026-04-25T13:02:47.427+05:30  WARN 44537 --- [userservice] [HikariPool-1:housekeeper] com.zaxxer.hikari.pool.HikariPool        : HikariPool-1 - Thread starvation or clock leap detected (housekeeper delta=5m41s772ms).
2026-04-25T13:04:19.434+05:30  WARN 44537 --- [userservice] [HikariPool-1:housekeeper] com.zaxxer.hikari.pool.HikariPool        : HikariPool-1 - Thread starvation or clock leap detected (housekeeper delta=1m1s984ms).
2026-04-25T13:20:51.132+05:30  WARN 44537 --- [userservice] [HikariPool-1:housekeeper] com.zaxxer.hikari.pool.HikariPool        : HikariPool-1 - Thread starvation or clock leap detected (housekeeper delta=3m54s27ms).
2026-04-25T14:06:37.458+05:30  WARN 44537 --- [userservice] [HikariPool-1:housekeeper] com.zaxxer.hikari.pool.HikariPool        : HikariPool-1 - Thread starvation or clock leap detected (housekeeper delta=16m15s886ms).
2026-04-25T14:23:19.507+05:30  WARN 44537 --- [userservice] [HikariPool-1:housekeeper] com.zaxxer.hikari.pool.HikariPool        : HikariPool-1 - Thread starvation or clock leap detected (housekeeper delta=16m12s37ms).
2026-04-25T14:39:50.408+05:30  WARN 44537 --- [userservice] [HikariPool-1:housekeeper] com.zaxxer.hikari.pool.HikariPool        : HikariPool-1 - Thread starvation or clock leap detected (housekeeper delta=16m890ms).
2026-04-25T14:53:09.796+05:30  WARN 44537 --- [userservice] [HikariPool-1:housekeeper] com.zaxxer.hikari.pool.HikariPool        : HikariPool-1 - Thread starvation or clock leap detected (housekeeper delta=13m19s388ms).
2026-04-25T15:06:40.331+05:30  INFO 44537 --- [userservice] [http-nio-8111-exec-4] c.d.u.aop.ControllerLoggingAspect        : 🌐 POST /auth/refresh | Handler=AuthController.refresh(..)
2026-04-25T15:06:40.342+05:30  INFO 44537 --- [userservice] [http-nio-8111-exec-4] c.d.u.aop.ControllerLoggingAspect        : 📤 Response=<401 UNAUTHORIZED Unauthorized,ApiResponse(success=false, message=Refresh token is missing, data=null, errorCode=AUTH_401),[]>
2026-04-25T15:07:01.965+05:30  INFO 44537 --- [userservice] [http-nio-8111-exec-5] c.d.u.aop.ControllerLoggingAspect        : 🌐 POST /auth/login | Handler=AuthController.login(..)
2026-04-25T15:07:01.967+05:30  INFO 44537 --- [userservice] [http-nio-8111-exec-5] c.d.userservice.security.AuthService     : Attempting to authenticate user with email: you@gmail.com
2026-04-25T15:07:02.628+05:30  INFO 44537 --- [userservice] [http-nio-8111-exec-5] c.d.userservice.security.AuthService     : User you@gmail.com authenticated successfully
2026-04-25T15:07:02.633+05:30  INFO 44537 --- [userservice] [http-nio-8111-exec-5] c.d.userservice.security.AuthService     : user: User(id=11, name=you, email=you@gmail.com, password=$2a$10$Nc0XXymRAGi09ZVeOK/fqOR.YzpXKkXzcfMdrSg5dcb8A9zx6q.c2, isAdmin=false, isDoctor=false, roles=[USER])
2026-04-25T15:07:02.655+05:30  INFO 44537 --- [userservice] [http-nio-8111-exec-5] c.delma.userservice.security.AuthUtil    : Generating access token for user: you@gmail.com
2026-04-25T15:07:03.129+05:30  INFO 44537 --- [userservice] [http-nio-8111-exec-5] c.d.userservice.security.AuthService     : Access token generated for user: you@gmail.com
2026-04-25T15:07:03.129+05:30  INFO 44537 --- [userservice] [http-nio-8111-exec-5] c.d.userservice.security.AuthService     : user ID: 11
2026-04-25T15:07:03.135+05:30  INFO 44537 --- [userservice] [http-nio-8111-exec-5] c.d.u.aop.ServiceLoggingAspect           : Started execution of RefreshTokenServiceImpl.save(..)
2026-04-25T15:07:03.148+05:30  INFO 44537 --- [userservice] [http-nio-8111-exec-5] c.d.u.s.RefreshTokenServiceImpl          : Saving refresh token for userId: 11
2026-04-25T15:07:03.148+05:30  INFO 44537 --- [userservice] [http-nio-8111-exec-5] c.d.u.s.RefreshTokenServiceImpl          : Refresh token details: RefreshToken(id=null, token=a63627a3-2aa1-4663-9a00-b75cf198f67b, userId=11, expiry=2026-05-02T09:37:03.129481Z)
2026-04-25T15:07:03.223+05:30  INFO 44537 --- [userservice] [http-nio-8111-exec-5] c.d.u.s.RefreshTokenServiceImpl          : Refresh token saved successfully for userId: 11
2026-04-25T15:07:03.225+05:30  INFO 44537 --- [userservice] [http-nio-8111-exec-5] c.d.u.aop.ServiceLoggingAspect           : Completed execution of RefreshTokenServiceImpl.save(..) in 89 ms
2026-04-25T15:07:03.226+05:30  INFO 44537 --- [userservice] [http-nio-8111-exec-5] c.d.userservice.security.AuthService     : User you@gmail.com authenticated successfully
2026-04-25T15:07:03.226+05:30  INFO 44537 --- [userservice] [http-nio-8111-exec-5] c.d.userservice.security.AuthService     : isAdmin flag for user you@gmail.com: false
2026-04-25T15:07:03.226+05:30  INFO 44537 --- [userservice] [http-nio-8111-exec-5] c.d.u.controller.AuthController          : User you@gmail.com logged in successfully
2026-04-25T15:07:03.258+05:30  INFO 44537 --- [userservice] [http-nio-8111-exec-5] c.d.u.aop.ControllerLoggingAspect        : 📤 Response=<200 OK OK,ApiResponse(success=true, message=Login successful, data=LoginResponseDTO(jwtToken=eyJhbGciOiJIUzI1NiJ9.eyJyb2xlcyI6WyJVU0VSIl0sInVzZXJJZCI6IjExIiwic3ViIjoieW91QGdtYWlsLmNvbSIsImlhdCI6MTc3NzEwOTgyMiwiZXhwIjoxNzc3MTE1ODIyfQ.dArqaONL8VsfkZDSSMV8SSXqLuXlZhiGweCl1Wdrct0, userId=11, role=[USER], isAdmin=false, username=you, refreshToken=null), errorCode=null),[Set-Cookie:"refreshToken=a63627a3-2aa1-4663-9a00-b75cf198f67b; Path=/; Max-Age=604800; Expires=Sat, 02 May 2026 09:37:03 GMT; HttpOnly; SameSite=Strict"]>
2026-04-25T15:07:03.718+05:30  INFO 44537 --- [userservice] [http-nio-8111-exec-6] c.d.userservice.security.JwtAuthFilter   : Incoming request: GET /api/users/doctors
2026-04-25T15:07:03.837+05:30  INFO 44537 --- [userservice] [http-nio-8111-exec-6] c.d.u.aop.ControllerLoggingAspect        : 🌐 GET /api/users/doctors | Handler=UserController.getAllDoctors()
2026-04-25T15:07:03.838+05:30  INFO 44537 --- [userservice] [http-nio-8111-exec-6] c.d.u.controller.UserController          : Fetching all approved doctors
2026-04-25T15:07:06.769+05:30  INFO 44537 --- [userservice] [http-nio-8111-exec-6] c.d.u.aop.ControllerLoggingAspect        : 📤 Response=<200 OK OK,[DoctorResponseDTO(id=1, userId=user_101, firstName=Amit, lastName=Sharma, phone=9876543210, email=amit.sharma@example.com, website=https://www.dramitsharma.com, address=Bangalore, Karnataka, specialization=Cardiology, experience=12, feesPerConsultation=800.0, gender=Male, status=APPROVED), DoctorResponseDTO(id=2, userId=user1, firstName=John, lastName=Doe, phone=1234567890, email=john.doe@example.com, website=www.johndoe.com, address=123 Main St, CityA, specialization=Cardiology, experience=10, feesPerConsultation=500.0, gender=Male, status=APPROVED), DoctorResponseDTO(id=3, userId=user2, firstName=Alice, lastName=Smith, phone=2345678901, email=alice.smith@example.com, website=www.alicesmith.com, address=456 Elm St, CityB, specialization=Dermatology, experience=5, feesPerConsultation=400.0, gender=Female, status=APPROVED), DoctorResponseDTO(id=5, userId=user4, firstName=Carol, lastName=Williams, phone=4567890123, email=carol.williams@example.com, website=www.carolwilliams.com, address=321 Pine St, CityD, specialization=Pediatrics, experience=12, feesPerConsultation=450.0, gender=Female, status=APPROVED), DoctorResponseDTO(id=6, userId=user5, firstName=David, lastName=Brown, phone=5678901234, email=david.brown@example.com, website=www.davidbrown.com, address=654 Cedar St, CityE, specialization=Orthopedics, experience=7, feesPerConsultation=550.0, gender=Male, status=APPROVED), DoctorResponseDTO(id=7, userId=user6, firstName=Eva, lastName=Davis, phone=6789012345, email=eva.davis@example.com, website=www.evadavis.com, address=987 Maple St, CityF, specialization=Ophthalmology, experience=9, feesPerConsultation=500.0, gender=Female, status=APPROVED), DoctorResponseDTO(id=8, userId=user7, firstName=Frank, lastName=Miller, phone=7890123456, email=frank.miller@example.com, website=www.frankmiller.com, address=159 Spruce St, CityG, specialization=ENT, experience=6, feesPerConsultation=480.0, gender=Male, status=APPROVED), DoctorResponseDTO(id=9, userId=user8, firstName=Grace, lastName=Wilson, phone=8901234567, email=grace.wilson@example.com, website=www.gracewilson.com, address=753 Birch St, CityH, specialization=Gynecology, experience=11, feesPerConsultation=520.0, gender=Female, status=APPROVED), DoctorResponseDTO(id=10, userId=user9, firstName=Henry, lastName=Moore, phone=9012345678, email=henry.moore@example.com, website=www.henrymoore.com, address=852 Walnut St, CityI, specialization=Psychiatry, experience=4, feesPerConsultation=450.0, gender=Male, status=APPROVED), DoctorResponseDTO(id=11, userId=user10, firstName=Ivy, lastName=Taylor, phone=0123456789, email=ivy.taylor@example.com, website=www.ivytaylor.com, address=951 Chestnut St, CityJ, specialization=Oncology, experience=15, feesPerConsultation=700.0, gender=Female, status=APPROVED), DoctorResponseDTO(id=12, userId=2, firstName=null, lastName=null, phone=null, email=null, website=null, address=null, specialization=ENT, experience=20, feesPerConsultation=null, gender=null, status=APPROVED), DoctorResponseDTO(id=13, userId=5, firstName=null, lastName=null, phone=null, email=null, website=null, address=null, specialization=ENT, experience=20, feesPerConsultation=null, gender=null, status=APPROVED), DoctorResponseDTO(id=14, userId=8, firstName=null, lastName=null, phone=null, email=null, website=null, address=null, specialization=ENT, experience=23, feesPerConsultation=null, gender=null, status=APPROVED)],[]>
2026-04-25T15:07:17.601+05:30  INFO 44537 --- [userservice] [http-nio-8111-exec-7] c.d.userservice.security.JwtAuthFilter   : Incoming request: GET /api/users/doctors
2026-04-25T15:07:17.612+05:30  INFO 44537 --- [userservice] [http-nio-8111-exec-7] c.d.u.aop.ControllerLoggingAspect        : 🌐 GET /api/users/doctors | Handler=UserController.getAllDoctors()
2026-04-25T15:07:17.612+05:30  INFO 44537 --- [userservice] [http-nio-8111-exec-7] c.d.u.controller.UserController          : Fetching all approved doctors
2026-04-25T15:07:17.664+05:30  INFO 44537 --- [userservice] [http-nio-8111-exec-7] c.d.u.aop.ControllerLoggingAspect        : 📤 Response=<200 OK OK,[DoctorResponseDTO(id=1, userId=user_101, firstName=Amit, lastName=Sharma, phone=9876543210, email=amit.sharma@example.com, website=https://www.dramitsharma.com, address=Bangalore, Karnataka, specialization=Cardiology, experience=12, feesPerConsultation=800.0, gender=Male, status=APPROVED), DoctorResponseDTO(id=2, userId=user1, firstName=John, lastName=Doe, phone=1234567890, email=john.doe@example.com, website=www.johndoe.com, address=123 Main St, CityA, specialization=Cardiology, experience=10, feesPerConsultation=500.0, gender=Male, status=APPROVED), DoctorResponseDTO(id=3, userId=user2, firstName=Alice, lastName=Smith, phone=2345678901, email=alice.smith@example.com, website=www.alicesmith.com, address=456 Elm St, CityB, specialization=Dermatology, experience=5, feesPerConsultation=400.0, gender=Female, status=APPROVED), DoctorResponseDTO(id=5, userId=user4, firstName=Carol, lastName=Williams, phone=4567890123, email=carol.williams@example.com, website=www.carolwilliams.com, address=321 Pine St, CityD, specialization=Pediatrics, experience=12, feesPerConsultation=450.0, gender=Female, status=APPROVED), DoctorResponseDTO(id=6, userId=user5, firstName=David, lastName=Brown, phone=5678901234, email=david.brown@example.com, website=www.davidbrown.com, address=654 Cedar St, CityE, specialization=Orthopedics, experience=7, feesPerConsultation=550.0, gender=Male, status=APPROVED), DoctorResponseDTO(id=7, userId=user6, firstName=Eva, lastName=Davis, phone=6789012345, email=eva.davis@example.com, website=www.evadavis.com, address=987 Maple St, CityF, specialization=Ophthalmology, experience=9, feesPerConsultation=500.0, gender=Female, status=APPROVED), DoctorResponseDTO(id=8, userId=user7, firstName=Frank, lastName=Miller, phone=7890123456, email=frank.miller@example.com, website=www.frankmiller.com, address=159 Spruce St, CityG, specialization=ENT, experience=6, feesPerConsultation=480.0, gender=Male, status=APPROVED), DoctorResponseDTO(id=9, userId=user8, firstName=Grace, lastName=Wilson, phone=8901234567, email=grace.wilson@example.com, website=www.gracewilson.com, address=753 Birch St, CityH, specialization=Gynecology, experience=11, feesPerConsultation=520.0, gender=Female, status=APPROVED), DoctorResponseDTO(id=10, userId=user9, firstName=Henry, lastName=Moore, phone=9012345678, email=henry.moore@example.com, website=www.henrymoore.com, address=852 Walnut St, CityI, specialization=Psychiatry, experience=4, feesPerConsultation=450.0, gender=Male, status=APPROVED), DoctorResponseDTO(id=11, userId=user10, firstName=Ivy, lastName=Taylor, phone=0123456789, email=ivy.taylor@example.com, website=www.ivytaylor.com, address=951 Chestnut St, CityJ, specialization=Oncology, experience=15, feesPerConsultation=700.0, gender=Female, status=APPROVED), DoctorResponseDTO(id=12, userId=2, firstName=null, lastName=null, phone=null, email=null, website=null, address=null, specialization=ENT, experience=20, feesPerConsultation=null, gender=null, status=APPROVED), DoctorResponseDTO(id=13, userId=5, firstName=null, lastName=null, phone=null, email=null, website=null, address=null, specialization=ENT, experience=20, feesPerConsultation=null, gender=null, status=APPROVED), DoctorResponseDTO(id=14, userId=8, firstName=null, lastName=null, phone=null, email=null, website=null, address=null, specialization=ENT, experience=23, feesPerConsultation=null, gender=null, status=APPROVED)],[]>
2026-04-25T15:07:21.208+05:30  INFO 44537 --- [userservice] [http-nio-8111-exec-8] c.d.userservice.security.JwtAuthFilter   : Incoming request: GET /api/users/doctors
2026-04-25T15:07:21.222+05:30  INFO 44537 --- [userservice] [http-nio-8111-exec-8] c.d.u.aop.ControllerLoggingAspect        : 🌐 GET /api/users/doctors | Handler=UserController.getAllDoctors()
2026-04-25T15:07:21.223+05:30  INFO 44537 --- [userservice] [http-nio-8111-exec-8] c.d.u.controller.UserController          : Fetching all approved doctors
2026-04-25T15:07:21.283+05:30  INFO 44537 --- [userservice] [http-nio-8111-exec-8] c.d.u.aop.ControllerLoggingAspect        : 📤 Response=<200 OK OK,[DoctorResponseDTO(id=1, userId=user_101, firstName=Amit, lastName=Sharma, phone=9876543210, email=amit.sharma@example.com, website=https://www.dramitsharma.com, address=Bangalore, Karnataka, specialization=Cardiology, experience=12, feesPerConsultation=800.0, gender=Male, status=APPROVED), DoctorResponseDTO(id=2, userId=user1, firstName=John, lastName=Doe, phone=1234567890, email=john.doe@example.com, website=www.johndoe.com, address=123 Main St, CityA, specialization=Cardiology, experience=10, feesPerConsultation=500.0, gender=Male, status=APPROVED), DoctorResponseDTO(id=3, userId=user2, firstName=Alice, lastName=Smith, phone=2345678901, email=alice.smith@example.com, website=www.alicesmith.com, address=456 Elm St, CityB, specialization=Dermatology, experience=5, feesPerConsultation=400.0, gender=Female, status=APPROVED), DoctorResponseDTO(id=5, userId=user4, firstName=Carol, lastName=Williams, phone=4567890123, email=carol.williams@example.com, website=www.carolwilliams.com, address=321 Pine St, CityD, specialization=Pediatrics, experience=12, feesPerConsultation=450.0, gender=Female, status=APPROVED), DoctorResponseDTO(id=6, userId=user5, firstName=David, lastName=Brown, phone=5678901234, email=david.brown@example.com, website=www.davidbrown.com, address=654 Cedar St, CityE, specialization=Orthopedics, experience=7, feesPerConsultation=550.0, gender=Male, status=APPROVED), DoctorResponseDTO(id=7, userId=user6, firstName=Eva, lastName=Davis, phone=6789012345, email=eva.davis@example.com, website=www.evadavis.com, address=987 Maple St, CityF, specialization=Ophthalmology, experience=9, feesPerConsultation=500.0, gender=Female, status=APPROVED), DoctorResponseDTO(id=8, userId=user7, firstName=Frank, lastName=Miller, phone=7890123456, email=frank.miller@example.com, website=www.frankmiller.com, address=159 Spruce St, CityG, specialization=ENT, experience=6, feesPerConsultation=480.0, gender=Male, status=APPROVED), DoctorResponseDTO(id=9, userId=user8, firstName=Grace, lastName=Wilson, phone=8901234567, email=grace.wilson@example.com, website=www.gracewilson.com, address=753 Birch St, CityH, specialization=Gynecology, experience=11, feesPerConsultation=520.0, gender=Female, status=APPROVED), DoctorResponseDTO(id=10, userId=user9, firstName=Henry, lastName=Moore, phone=9012345678, email=henry.moore@example.com, website=www.henrymoore.com, address=852 Walnut St, CityI, specialization=Psychiatry, experience=4, feesPerConsultation=450.0, gender=Male, status=APPROVED), DoctorResponseDTO(id=11, userId=user10, firstName=Ivy, lastName=Taylor, phone=0123456789, email=ivy.taylor@example.com, website=www.ivytaylor.com, address=951 Chestnut St, CityJ, specialization=Oncology, experience=15, feesPerConsultation=700.0, gender=Female, status=APPROVED), DoctorResponseDTO(id=12, userId=2, firstName=null, lastName=null, phone=null, email=null, website=null, address=null, specialization=ENT, experience=20, feesPerConsultation=null, gender=null, status=APPROVED), DoctorResponseDTO(id=13, userId=5, firstName=null, lastName=null, phone=null, email=null, website=null, address=null, specialization=ENT, experience=20, feesPerConsultation=null, gender=null, status=APPROVED), DoctorResponseDTO(id=14, userId=8, firstName=null, lastName=null, phone=null, email=null, website=null, address=null, specialization=ENT, experience=23, feesPerConsultation=null, gender=null, status=APPROVED)],[]>
2026-04-25T15:07:53.899+05:30  INFO 44537 --- [userservice] [http-nio-8111-exec-9] c.d.userservice.security.JwtAuthFilter   : Incoming request: GET /api/users/doctors
2026-04-25T15:07:53.909+05:30  INFO 44537 --- [userservice] [http-nio-8111-exec-9] c.d.u.aop.ControllerLoggingAspect        : 🌐 GET /api/users/doctors | Handler=UserController.getAllDoctors()
2026-04-25T15:07:53.910+05:30  INFO 44537 --- [userservice] [http-nio-8111-exec-9] c.d.u.controller.UserController          : Fetching all approved doctors
2026-04-25T15:07:53.960+05:30  INFO 44537 --- [userservice] [http-nio-8111-exec-9] c.d.u.aop.ControllerLoggingAspect        : 📤 Response=<200 OK OK,[DoctorResponseDTO(id=1, userId=user_101, firstName=Amit, lastName=Sharma, phone=9876543210, email=amit.sharma@example.com, website=https://www.dramitsharma.com, address=Bangalore, Karnataka, specialization=Cardiology, experience=12, feesPerConsultation=800.0, gender=Male, status=APPROVED), DoctorResponseDTO(id=2, userId=user1, firstName=John, lastName=Doe, phone=1234567890, email=john.doe@example.com, website=www.johndoe.com, address=123 Main St, CityA, specialization=Cardiology, experience=10, feesPerConsultation=500.0, gender=Male, status=APPROVED), DoctorResponseDTO(id=3, userId=user2, firstName=Alice, lastName=Smith, phone=2345678901, email=alice.smith@example.com, website=www.alicesmith.com, address=456 Elm St, CityB, specialization=Dermatology, experience=5, feesPerConsultation=400.0, gender=Female, status=APPROVED), DoctorResponseDTO(id=5, userId=user4, firstName=Carol, lastName=Williams, phone=4567890123, email=carol.williams@example.com, website=www.carolwilliams.com, address=321 Pine St, CityD, specialization=Pediatrics, experience=12, feesPerConsultation=450.0, gender=Female, status=APPROVED), DoctorResponseDTO(id=6, userId=user5, firstName=David, lastName=Brown, phone=5678901234, email=david.brown@example.com, website=www.davidbrown.com, address=654 Cedar St, CityE, specialization=Orthopedics, experience=7, feesPerConsultation=550.0, gender=Male, status=APPROVED), DoctorResponseDTO(id=7, userId=user6, firstName=Eva, lastName=Davis, phone=6789012345, email=eva.davis@example.com, website=www.evadavis.com, address=987 Maple St, CityF, specialization=Ophthalmology, experience=9, feesPerConsultation=500.0, gender=Female, status=APPROVED), DoctorResponseDTO(id=8, userId=user7, firstName=Frank, lastName=Miller, phone=7890123456, email=frank.miller@example.com, website=www.frankmiller.com, address=159 Spruce St, CityG, specialization=ENT, experience=6, feesPerConsultation=480.0, gender=Male, status=APPROVED), DoctorResponseDTO(id=9, userId=user8, firstName=Grace, lastName=Wilson, phone=8901234567, email=grace.wilson@example.com, website=www.gracewilson.com, address=753 Birch St, CityH, specialization=Gynecology, experience=11, feesPerConsultation=520.0, gender=Female, status=APPROVED), DoctorResponseDTO(id=10, userId=user9, firstName=Henry, lastName=Moore, phone=9012345678, email=henry.moore@example.com, website=www.henrymoore.com, address=852 Walnut St, CityI, specialization=Psychiatry, experience=4, feesPerConsultation=450.0, gender=Male, status=APPROVED), DoctorResponseDTO(id=11, userId=user10, firstName=Ivy, lastName=Taylor, phone=0123456789, email=ivy.taylor@example.com, website=www.ivytaylor.com, address=951 Chestnut St, CityJ, specialization=Oncology, experience=15, feesPerConsultation=700.0, gender=Female, status=APPROVED), DoctorResponseDTO(id=12, userId=2, firstName=null, lastName=null, phone=null, email=null, website=null, address=null, specialization=ENT, experience=20, feesPerConsultation=null, gender=null, status=APPROVED), DoctorResponseDTO(id=13, userId=5, firstName=null, lastName=null, phone=null, email=null, website=null, address=null, specialization=ENT, experience=20, feesPerConsultation=null, gender=null, status=APPROVED), DoctorResponseDTO(id=14, userId=8, firstName=null, lastName=null, phone=null, email=null, website=null, address=null, specialization=ENT, experience=23, feesPerConsultation=null, gender=null, status=APPROVED)],[]>
2026-04-25T15:08:34.397+05:30  INFO 44537 --- [userservice] [http-nio-8111-exec-10] c.d.userservice.security.JwtAuthFilter   : Incoming request: GET /api/users/doctors
2026-04-25T15:08:34.408+05:30  INFO 44537 --- [userservice] [http-nio-8111-exec-10] c.d.u.aop.ControllerLoggingAspect        : 🌐 GET /api/users/doctors | Handler=UserController.getAllDoctors()
2026-04-25T15:08:34.409+05:30  INFO 44537 --- [userservice] [http-nio-8111-exec-10] c.d.u.controller.UserController          : Fetching all approved doctors
2026-04-25T15:08:34.453+05:30  INFO 44537 --- [userservice] [http-nio-8111-exec-10] c.d.u.aop.ControllerLoggingAspect        : 📤 Response=<200 OK OK,[DoctorResponseDTO(id=1, userId=user_101, firstName=Amit, lastName=Sharma, phone=9876543210, email=amit.sharma@example.com, website=https://www.dramitsharma.com, address=Bangalore, Karnataka, specialization=Cardiology, experience=12, feesPerConsultation=800.0, gender=Male, status=APPROVED), DoctorResponseDTO(id=2, userId=user1, firstName=John, lastName=Doe, phone=1234567890, email=john.doe@example.com, website=www.johndoe.com, address=123 Main St, CityA, specialization=Cardiology, experience=10, feesPerConsultation=500.0, gender=Male, status=APPROVED), DoctorResponseDTO(id=3, userId=user2, firstName=Alice, lastName=Smith, phone=2345678901, email=alice.smith@example.com, website=www.alicesmith.com, address=456 Elm St, CityB, specialization=Dermatology, experience=5, feesPerConsultation=400.0, gender=Female, status=APPROVED), DoctorResponseDTO(id=5, userId=user4, firstName=Carol, lastName=Williams, phone=4567890123, email=carol.williams@example.com, website=www.carolwilliams.com, address=321 Pine St, CityD, specialization=Pediatrics, experience=12, feesPerConsultation=450.0, gender=Female, status=APPROVED), DoctorResponseDTO(id=6, userId=user5, firstName=David, lastName=Brown, phone=5678901234, email=david.brown@example.com, website=www.davidbrown.com, address=654 Cedar St, CityE, specialization=Orthopedics, experience=7, feesPerConsultation=550.0, gender=Male, status=APPROVED), DoctorResponseDTO(id=7, userId=user6, firstName=Eva, lastName=Davis, phone=6789012345, email=eva.davis@example.com, website=www.evadavis.com, address=987 Maple St, CityF, specialization=Ophthalmology, experience=9, feesPerConsultation=500.0, gender=Female, status=APPROVED), DoctorResponseDTO(id=8, userId=user7, firstName=Frank, lastName=Miller, phone=7890123456, email=frank.miller@example.com, website=www.frankmiller.com, address=159 Spruce St, CityG, specialization=ENT, experience=6, feesPerConsultation=480.0, gender=Male, status=APPROVED), DoctorResponseDTO(id=9, userId=user8, firstName=Grace, lastName=Wilson, phone=8901234567, email=grace.wilson@example.com, website=www.gracewilson.com, address=753 Birch St, CityH, specialization=Gynecology, experience=11, feesPerConsultation=520.0, gender=Female, status=APPROVED), DoctorResponseDTO(id=10, userId=user9, firstName=Henry, lastName=Moore, phone=9012345678, email=henry.moore@example.com, website=www.henrymoore.com, address=852 Walnut St, CityI, specialization=Psychiatry, experience=4, feesPerConsultation=450.0, gender=Male, status=APPROVED), DoctorResponseDTO(id=11, userId=user10, firstName=Ivy, lastName=Taylor, phone=0123456789, email=ivy.taylor@example.com, website=www.ivytaylor.com, address=951 Chestnut St, CityJ, specialization=Oncology, experience=15, feesPerConsultation=700.0, gender=Female, status=APPROVED), DoctorResponseDTO(id=12, userId=2, firstName=null, lastName=null, phone=null, email=null, website=null, address=null, specialization=ENT, experience=20, feesPerConsultation=null, gender=null, status=APPROVED), DoctorResponseDTO(id=13, userId=5, firstName=null, lastName=null, phone=null, email=null, website=null, address=null, specialization=ENT, experience=20, feesPerConsultation=null, gender=null, status=APPROVED), DoctorResponseDTO(id=14, userId=8, firstName=null, lastName=null, phone=null, email=null, website=null, address=null, specialization=ENT, experience=23, feesPerConsultation=null, gender=null, status=APPROVED)],[]>
